<?xml version="1.0" encoding="UTF-8"?>
<testng-results skipped="0" failed="1" ignored="0" total="1" passed="0">
  <reporter-output>
  </reporter-output>
  <suite name="Default suite" duration-ms="19356" started-at="2018-10-09T09:36:04Z" finished-at="2018-10-09T09:36:24Z">
    <groups>
    </groups>
    <test name="Default test" duration-ms="19356" started-at="2018-10-09T09:36:04Z" finished-at="2018-10-09T09:36:24Z">
      <class name="testcases.TC_NFS_Extraction">
        <test-method status="PASS" signature="beforeSuite()[pri:0, instance:testcases.TC_NFS_Extraction@1e397ed7]" name="beforeSuite" is-config="true" duration-ms="689" started-at="2018-10-09T15:06:04Z" finished-at="2018-10-09T15:06:04Z">
          <reporter-output>
          </reporter-output>
        </test-method> <!-- beforeSuite -->
        <test-method status="PASS" signature="setData()[pri:0, instance:testcases.TC_NFS_Extraction@1e397ed7]" name="setData" is-config="true" duration-ms="1" started-at="2018-10-09T15:06:04Z" finished-at="2018-10-09T15:06:04Z">
          <reporter-output>
          </reporter-output>
        </test-method> <!-- setData -->
        <test-method status="PASS" signature="beforeClass()[pri:0, instance:testcases.TC_NFS_Extraction@1e397ed7]" name="beforeClass" is-config="true" duration-ms="1" started-at="2018-10-09T15:06:04Z" finished-at="2018-10-09T15:06:04Z">
          <reporter-output>
          </reporter-output>
        </test-method> <!-- beforeClass -->
        <test-method status="PASS" signature="beforeMethod()[pri:0, instance:testcases.TC_NFS_Extraction@1e397ed7]" name="beforeMethod" is-config="true" duration-ms="9909" started-at="2018-10-09T15:06:04Z" finished-at="2018-10-09T15:06:14Z">
          <reporter-output>
          </reporter-output>
        </test-method> <!-- beforeMethod -->
        <test-method status="FAIL" signature="NFSExtraction(java.lang.String, java.lang.String, java.lang.String, java.lang.String, java.lang.String, java.lang.String)[pri:1, instance:testcases.TC_NFS_Extraction@1e397ed7]" name="NFSExtraction" duration-ms="9271" started-at="2018-10-09T15:06:14Z" data-provider="fetchData" finished-at="2018-10-09T15:06:24Z">
          <params>
            <param index="0">
              <value>
                <![CDATA[denabank]]>
              </value>
            </param>
            <param index="1">
              <value>
                <![CDATA[Recon@57]]>
              </value>
            </param>
            <param index="2">
              <value>
                <![CDATA[DEN]]>
              </value>
            </param>
            <param index="3">
              <value>
                <![CDATA[truncate table rec_nfsi_iss_ron_data]]>
              </value>
            </param>
            <param index="4">
              <value>
                <![CDATA[truncate table rec_hst_nfs_ron_data]]>
              </value>
            </param>
            <param index="5">
              <value>
                <![CDATA[truncate table rec_swia_tlf_ron_data]]>
              </value>
            </param>
          </params>
          <exception class="java.lang.NullPointerException">
            <full-stacktrace>
              <![CDATA[java.lang.NullPointerException
	at sun.reflect.NativeMethodAccessorImpl.invoke0(Native Method)
	at sun.reflect.NativeMethodAccessorImpl.invoke(Unknown Source)
	at sun.reflect.DelegatingMethodAccessorImpl.invoke(Unknown Source)
	at java.lang.reflect.Method.invoke(Unknown Source)
	at org.openqa.selenium.support.pagefactory.internal.LocatingElementHandler.invoke(LocatingElementHandler.java:51)
	at com.sun.proxy.$Proxy14.isDisplayed(Unknown Source)
	at org.openqa.selenium.support.ui.ExpectedConditions.elementIfVisible(ExpectedConditions.java:315)
	at org.openqa.selenium.support.ui.ExpectedConditions.access$100(ExpectedConditions.java:44)
	at org.openqa.selenium.support.ui.ExpectedConditions$10.apply(ExpectedConditions.java:301)
	at org.openqa.selenium.support.ui.ExpectedConditions$10.apply(ExpectedConditions.java:298)
	at org.openqa.selenium.support.ui.ExpectedConditions$23.apply(ExpectedConditions.java:686)
	at org.openqa.selenium.support.ui.ExpectedConditions$23.apply(ExpectedConditions.java:682)
	at org.openqa.selenium.support.ui.FluentWait.until(FluentWait.java:248)
	at wdMethods.SeMethods.click(SeMethods.java:137)
	at pages.NFS_Extraction.clickExtraction(NFS_Extraction.java:38)
	at testcases.TC_NFS_Extraction.NFSExtraction(TC_NFS_Extraction.java:36)
	at sun.reflect.NativeMethodAccessorImpl.invoke0(Native Method)
	at sun.reflect.NativeMethodAccessorImpl.invoke(Unknown Source)
	at sun.reflect.DelegatingMethodAccessorImpl.invoke(Unknown Source)
	at java.lang.reflect.Method.invoke(Unknown Source)
	at org.testng.internal.MethodInvocationHelper.invokeMethod(MethodInvocationHelper.java:104)
	at org.testng.internal.Invoker.invokeMethod(Invoker.java:645)
	at org.testng.internal.Invoker.invokeTestMethod(Invoker.java:851)
	at org.testng.internal.Invoker.invokeTestMethods(Invoker.java:1177)
	at org.testng.internal.TestMethodWorker.invokeTestMethods(TestMethodWorker.java:129)
	at org.testng.internal.TestMethodWorker.run(TestMethodWorker.java:112)
	at org.testng.TestRunner.privateRun(TestRunner.java:756)
	at org.testng.TestRunner.run(TestRunner.java:610)
	at org.testng.SuiteRunner.runTest(SuiteRunner.java:387)
	at org.testng.SuiteRunner.runSequentially(SuiteRunner.java:382)
	at org.testng.SuiteRunner.privateRun(SuiteRunner.java:340)
	at org.testng.SuiteRunner.run(SuiteRunner.java:289)
	at org.testng.SuiteRunnerWorker.runSuite(SuiteRunnerWorker.java:52)
	at org.testng.SuiteRunnerWorker.run(SuiteRunnerWorker.java:86)
	at org.testng.TestNG.runSuitesSequentially(TestNG.java:1293)
	at org.testng.TestNG.runSuitesLocally(TestNG.java:1218)
	at org.testng.TestNG.runSuites(TestNG.java:1133)
	at org.testng.TestNG.run(TestNG.java:1104)
	at org.testng.remote.AbstractRemoteTestNG.run(AbstractRemoteTestNG.java:132)
	at org.testng.remote.RemoteTestNG.initAndRun(RemoteTestNG.java:236)
	at org.testng.remote.RemoteTestNG.main(RemoteTestNG.java:81)
]]>
            </full-stacktrace>
          </exception> <!-- java.lang.NullPointerException -->
          <reporter-output>
          </reporter-output>
        </test-method> <!-- NFSExtraction -->
        <test-method status="PASS" signature="afterTest()[pri:0, instance:testcases.TC_NFS_Extraction@1e397ed7]" name="afterTest" is-config="true" duration-ms="1" started-at="2018-10-09T15:06:24Z" finished-at="2018-10-09T15:06:24Z">
          <reporter-output>
          </reporter-output>
        </test-method> <!-- afterTest -->
        <test-method status="PASS" signature="afterSuite()[pri:0, instance:testcases.TC_NFS_Extraction@1e397ed7]" name="afterSuite" is-config="true" duration-ms="445" started-at="2018-10-09T15:06:24Z" finished-at="2018-10-09T15:06:24Z">
          <reporter-output>
          </reporter-output>
        </test-method> <!-- afterSuite -->
      </class> <!-- testcases.TC_NFS_Extraction -->
    </test> <!-- Default test -->
  </suite> <!-- Default suite -->
</testng-results>
